<?xml version="1.0" encoding="UTF-8"?>
<!-- Generated by org.testng.reporters.JUnitReportReporter -->
<testsuite hostname="WIN7DX64-03367" name="Test.LaunchBridgeMedicalTest" tests="1" failures="0" timestamp="12 May 2017 06:00:11 GMT" time="8.405" errors="0">
  <testcase name="bridgeMedicalLoginTest" time="8.405" classname="Test.LaunchBridgeMedicalTest"/>
</testsuite> <!-- Test.LaunchBridgeMedicalTest -->
