<?xml version="1.0" encoding="UTF-8"?>
<!-- Generated by org.testng.reporters.JUnitReportReporter -->
<testsuite hostname="WIN7DX64-02644" name="com.bridge.security.PasswordRulesTest" tests="1" failures="0" timestamp="12 Apr 2017 06:09:40 GMT" time="211.651" errors="0">
  <testcase name="passwordRuleTest" time="211.651" classname="com.bridge.security.PasswordRulesTest"/>
</testsuite> <!-- com.bridge.security.PasswordRulesTest -->
