<?xml version="1.0" encoding="UTF-8"?>
<!-- Generated by org.testng.reporters.JUnitReportReporter -->
<testsuite hostname="WIN7DX64-02644" name="com.bridge.security.UserLockOutTest" tests="1" failures="0" timestamp="12 Apr 2017 06:09:40 GMT" time="34.947" errors="0">
  <testcase name="userLockOutTest" time="34.947" classname="com.bridge.security.UserLockOutTest"/>
</testsuite> <!-- com.bridge.security.UserLockOutTest -->
