<?xml version="1.0" encoding="UTF-8"?>
<!-- Generated by org.testng.reporters.JUnitReportReporter -->
<testsuite hostname="WIN7DX64-02644" name="Test.LaunchBridgeMedicalTest" tests="1" failures="0" timestamp="15 May 2017 12:40:09 GMT" time="21.471" errors="0">
  <testcase name="bridgeMedicalLoginTest" time="21.471" classname="Test.LaunchBridgeMedicalTest"/>
</testsuite> <!-- Test.LaunchBridgeMedicalTest -->
