<?xml version="1.0" encoding="UTF-8"?>
<!-- Generated by org.testng.reporters.JUnitReportReporter -->
<testsuite hostname="WIN7DX64-03367" name="Test.LaunchBridgeMedicalTest" tests="1" failures="0" timestamp="3 May 2017 11:24:42 GMT" time="29.020" errors="0">
  <testcase name="bridgeMedicalLoginTest" time="29.020" classname="Test.LaunchBridgeMedicalTest"/>
</testsuite> <!-- Test.LaunchBridgeMedicalTest -->
